<?xml version="1.0" encoding="UTF-8"?>
<!-- Generated by org.testng.reporters.JUnitXMLReporter -->
<testsuite ignored="0" hostname="INadavanache01" failures="0" tests="3" name="Sprint1" time="0.032" errors="0" timestamp="2021-05-10T12:11:30 IST">
  <testcase classname="SmokeTesting.testcase1" name="test1" time="0.005"/>
  <testcase classname="SmokeTesting.testcase2" name="test2" time="0.001"/>
  <testcase classname="SmokeTesting.testcase3" name="test3" time="0.001"/>
</testsuite> <!-- Sprint1 -->
