<?xml version="1.0" encoding="UTF-8"?>
<!-- Generated by org.testng.reporters.JUnitXMLReporter -->
<testsuite ignored="8" hostname="INadavanache01" failures="0" tests="7" name="TestTenofHundred" time="0.045" errors="0" timestamp="2021-05-10T18:56:51 IST">
  <testcase classname="Run10outof100TC.tenOutofHundred" name="test1" time="0.007"/>
  <testcase classname="Run10outof100TC.tenOutofHundred" name="test2" time="0.001"/>
  <testcase classname="Run10outof100TC.tenOutofHundred" name="test3" time="0.001"/>
  <testcase classname="Run10outof100TC.tenOutofHundred" name="test5" time="0.001"/>
  <testcase classname="Run10outof100TC.TenoutofHundredExample2" name="test10" time="0.001"/>
  <testcase classname="Run10outof100TC.TenoutofHundredExample2" name="test13" time="0.001"/>
  <testcase classname="Run10outof100TC.TenoutofHundredExample2" name="test16" time="0.001"/>
  <testcase classname="Run10outof100TC.TenoutofHundredExample2" name="test15" time="0.0">
    <ignored/>
  </testcase> <!-- test15 -->
  <testcase classname="Run10outof100TC.TenoutofHundredExample2" name="test12" time="0.0">
    <ignored/>
  </testcase> <!-- test12 -->
  <testcase classname="Run10outof100TC.TenoutofHundredExample2" name="test9" time="0.0">
    <ignored/>
  </testcase> <!-- test9 -->
  <testcase classname="Run10outof100TC.TenoutofHundredExample2" name="test14" time="0.0">
    <ignored/>
  </testcase> <!-- test14 -->
  <testcase classname="Run10outof100TC.tenOutofHundred" name="test6" time="0.0">
    <ignored/>
  </testcase> <!-- test6 -->
  <testcase classname="Run10outof100TC.tenOutofHundred" name="test7" time="0.0">
    <ignored/>
  </testcase> <!-- test7 -->
  <testcase classname="Run10outof100TC.TenoutofHundredExample2" name="test11" time="0.0">
    <ignored/>
  </testcase> <!-- test11 -->
  <testcase classname="Run10outof100TC.tenOutofHundred" name="test4" time="0.0">
    <ignored/>
  </testcase> <!-- test4 -->
</testsuite> <!-- TestTenofHundred -->
