<?xml version="1.0" encoding="UTF-8"?>
<!-- Generated by org.testng.reporters.JUnitXMLReporter -->
<testsuite ignored="0" hostname="INadavanache01" failures="1" tests="3" name="TestNG" time="0.033" errors="0" timestamp="2021-05-08T15:41:41 IST">
  <testcase classname="SmokeTesting.testcase3" name="test3" time="0.007">
    <failure type="java.lang.AssertionError">
      <![CDATA[java.lang.AssertionError: 
at SmokeTesting.testcase3.test3(testcase3.java:11)
at java.base/java.util.ArrayList.forEach(ArrayList.java:1511)
... Removed 30 stack frames]]>
    </failure>
  </testcase> <!-- test3 -->
  <testcase classname="SmokeTesting.testcase1" name="test1" time="0.001"/>
  <testcase classname="SmokeTesting.testcase2" name="test2" time="0.0"/>
</testsuite> <!-- TestNG -->
