<?xml version="1.0" encoding="UTF-8"?>
<!-- Generated by org.testng.reporters.JUnitXMLReporter -->
<testsuite ignored="0" hostname="INadavanache01" failures="0" tests="3" name="ParallelExecutionThread" time="16.396" errors="0" timestamp="2021-05-13T13:11:14 IST">
  <testcase classname="ParallelExecution.ParallelExecution" name="executSessionThree" time="12.628"/>
  <testcase classname="ParallelExecution.ParallelExecution" name="executSessionOne" time="12.853"/>
  <testcase classname="ParallelExecution.ParallelExecution" name="amazonsession" time="16.349"/>
</testsuite> <!-- ParallelExecutionThread -->
