<?xml version="1.0" encoding="UTF-8"?>
<!-- Generated by org.testng.reporters.JUnitXMLReporter -->
<testsuite ignored="0" hostname="INadavanache01" failures="1" tests="3" name="FirstTestNGtest" time="19.744" errors="0" timestamp="2021-05-13T12:52:15 IST">
  <testcase classname="FirstTestNG.FirstTestNG_class" name="registerPage" time="1.577"/>
  <testcase classname="FirstTestNG.FirstTestNG_class" name="flightPage" time="0.826">
    <failure type="java.lang.AssertionError" message="expected [Find a Flight: Mercury Tours:]] but found [Find a Flight: Mercury Tours:]">
      <![CDATA[java.lang.AssertionError: expected [Find a Flight: Mercury Tours:]] but found [Find a Flight: Mercury Tours:]
at FirstTestNG.FirstTestNG_class.flightPage(FirstTestNG_class.java:58)
at java.base/java.util.ArrayList.forEach(ArrayList.java:1511)
... Removed 33 stack frames]]>
    </failure>
  </testcase> <!-- flightPage -->
  <testcase classname="FirstTestNG.FirstTestNG_class" name="signinPage" time="0.961"/>
</testsuite> <!-- FirstTestNGtest -->
